This file contains any messages produced by compilers while
running configure, to aid debugging if configure makes a mistake.

It was created by EPACTS configure 3.3.0, which was
generated by GNU Autoconf 2.69.  Invocation command line was

  $ ./configure --prefix=/net/fantasia/home/hmkang/tools/epacts.test --no-create --no-recursion

## --------- ##
## Platform. ##
## --------- ##

hostname = fantasia
uname -m = x86_64
uname -r = 3.13.0-95-generic
uname -s = Linux
uname -v = #142-Ubuntu SMP Fri Aug 12 17:00:09 UTC 2016

/usr/bin/uname -p = unknown
/bin/uname -X     = unknown

/bin/arch              = unknown
/usr/bin/arch -k       = unknown
/usr/convex/getsysinfo = unknown
/usr/bin/hostinfo      = unknown
/bin/machine           = unknown
/usr/bin/oslevel       = unknown
/bin/universe          = unknown

PATH: /usr/cluster/software/trusty/csg-utils/master/bin
PATH: /usr/cluster/software/trusty/perl/5.18.2/bin
PATH: /home/hmkang/bin
PATH: /usr/local/sbin
PATH: /usr/local/bin
PATH: /usr/sbin
PATH: /usr/bin
PATH: /sbin
PATH: /bin
PATH: /usr/games
PATH: /usr/local/games
PATH: /usr/cluster/bin
PATH: /opt/puppetlabs/bin
PATH: /net/fantasia/home/hmkang/bin
PATH: /net/fantasia/home/hmkang/.local/bin
PATH: /usr/cluster/bin
PATH: /net/fantasia/home/hmkang/tools/scala/bin


## ----------- ##
## Core tests. ##
## ----------- ##

configure:2578: checking for a BSD-compatible install
configure:2646: result: /usr/bin/install -c
configure:2657: checking whether build environment is sane
configure:2707: result: yes
configure:2848: checking for a thread-safe mkdir -p
configure:2887: result: /bin/mkdir -p
configure:2900: checking for gawk
configure:2916: found /usr/bin/gawk
configure:2927: result: gawk
configure:2938: checking whether make sets $(MAKE)
configure:2960: result: yes
configure:3074: checking build system type
configure:3088: result: x86_64-unknown-linux-gnu
configure:3108: checking host system type
configure:3121: result: x86_64-unknown-linux-gnu
configure:3162: checking how to print strings
configure:3189: result: printf
configure:3222: checking for style of include used by make
configure:3250: result: GNU
configure:3321: checking for gcc
configure:3337: found /usr/bin/gcc
configure:3348: result: gcc
configure:3577: checking for C compiler version
configure:3586: gcc --version >&5
gcc (Ubuntu 4.8.5-2ubuntu1~14.04.1) 4.8.5
Copyright (C) 2015 Free Software Foundation, Inc.
This is free software; see the source for copying conditions.  There is NO
warranty; not even for MERCHANTABILITY or FITNESS FOR A PARTICULAR PURPOSE.

configure:3597: $? = 0
configure:3586: gcc -v >&5
Using built-in specs.
COLLECT_GCC=gcc
COLLECT_LTO_WRAPPER=/usr/lib/gcc/x86_64-linux-gnu/4.8/lto-wrapper
Target: x86_64-linux-gnu
Configured with: ../src/configure -v --with-pkgversion='Ubuntu 4.8.5-2ubuntu1~14.04.1' --with-bugurl=file:///usr/share/doc/gcc-4.8/README.Bugs --enable-languages=c,c++,java,go,d,fortran,objc,obj-c++ --prefix=/usr --program-suffix=-4.8 --enable-shared --enable-linker-build-id --libexecdir=/usr/lib --without-included-gettext --enable-threads=posix --with-gxx-include-dir=/usr/include/c++/4.8 --libdir=/usr/lib --enable-nls --with-sysroot=/ --enable-clocale=gnu --enable-libstdcxx-debug --enable-libstdcxx-time=yes --enable-gnu-unique-object --disable-libmudflap --enable-plugin --with-system-zlib --disable-browser-plugin --enable-java-awt=gtk --enable-gtk-cairo --with-java-home=/usr/lib/jvm/java-1.5.0-gcj-4.8-amd64/jre --enable-java-home --with-jvm-root-dir=/usr/lib/jvm/java-1.5.0-gcj-4.8-amd64 --with-jvm-jar-dir=/usr/lib/jvm-exports/java-1.5.0-gcj-4.8-amd64 --with-arch-directory=amd64 --with-ecj-jar=/usr/share/java/eclipse-ecj.jar --enable-objc-gc --enable-multiarch --disable-werror --with-arch-32=i686 --with-abi=m64 --with-multilib-list=m32,m64,mx32 --with-tune=generic --enable-checking=release --build=x86_64-linux-gnu --host=x86_64-linux-gnu --target=x86_64-linux-gnu
Thread model: posix
gcc version 4.8.5 (Ubuntu 4.8.5-2ubuntu1~14.04.1) 
configure:3597: $? = 0
configure:3586: gcc -V >&5
gcc: error: unrecognized command line option '-V'
gcc: fatal error: no input files
compilation terminated.
configure:3597: $? = 4
configure:3586: gcc -qversion >&5
gcc: error: unrecognized command line option '-qversion'
gcc: fatal error: no input files
compilation terminated.
configure:3597: $? = 4
configure:3617: checking whether the C compiler works
configure:3639: gcc    conftest.c  >&5
configure:3643: $? = 0
configure:3691: result: yes
configure:3694: checking for C compiler default output file name
configure:3696: result: a.out
configure:3702: checking for suffix of executables
configure:3709: gcc -o conftest    conftest.c  >&5
configure:3713: $? = 0
configure:3735: result: 
configure:3757: checking whether we are cross compiling
configure:3765: gcc -o conftest    conftest.c  >&5
configure:3769: $? = 0
configure:3776: ./conftest
configure:3780: $? = 0
configure:3795: result: no
configure:3800: checking for suffix of object files
configure:3822: gcc -c   conftest.c >&5
configure:3826: $? = 0
configure:3847: result: o
configure:3851: checking whether we are using the GNU C compiler
configure:3870: gcc -c   conftest.c >&5
configure:3870: $? = 0
configure:3879: result: yes
configure:3888: checking whether gcc accepts -g
configure:3908: gcc -c -g  conftest.c >&5
configure:3908: $? = 0
configure:3949: result: yes
configure:3966: checking for gcc option to accept ISO C89
configure:4029: gcc  -c -g -O2  conftest.c >&5
configure:4029: $? = 0
configure:4042: result: none needed
configure:4064: checking dependency style of gcc
configure:4175: result: gcc3
configure:4190: checking for a sed that does not truncate output
configure:4254: result: /bin/sed
configure:4272: checking for grep that handles long lines and -e
configure:4330: result: /bin/grep
configure:4335: checking for egrep
configure:4397: result: /bin/grep -E
configure:4402: checking for fgrep
configure:4464: result: /bin/grep -F
configure:4499: checking for ld used by gcc
configure:4566: result: /usr/bin/ld
configure:4573: checking if the linker (/usr/bin/ld) is GNU ld
configure:4588: result: yes
configure:4600: checking for BSD- or MS-compatible name lister (nm)
configure:4649: result: /usr/bin/nm -B
configure:4779: checking the name lister (/usr/bin/nm -B) interface
configure:4786: gcc -c -g -O2  conftest.c >&5
configure:4789: /usr/bin/nm -B "conftest.o"
configure:4792: output
0000000000000000 B some_variable
configure:4799: result: BSD nm
configure:4802: checking whether ln -s works
configure:4806: result: yes
configure:4814: checking the maximum length of command line arguments
configure:4944: result: 3458764513820540925
configure:4961: checking whether the shell understands some XSI constructs
configure:4971: result: yes
configure:4975: checking whether the shell understands "+="
configure:4981: result: yes
configure:5016: checking how to convert x86_64-unknown-linux-gnu file names to x86_64-unknown-linux-gnu format
configure:5056: result: func_convert_file_noop
configure:5063: checking how to convert x86_64-unknown-linux-gnu file names to toolchain format
configure:5083: result: func_convert_file_noop
configure:5090: checking for /usr/bin/ld option to reload object files
configure:5097: result: -r
configure:5171: checking for objdump
configure:5187: found /usr/bin/objdump
configure:5198: result: objdump
configure:5230: checking how to recognize dependent libraries
configure:5432: result: pass_all
configure:5517: checking for dlltool
configure:5547: result: no
configure:5577: checking how to associate runtime and link libraries
configure:5604: result: printf %s\n
configure:5665: checking for ar
configure:5681: found /usr/bin/ar
configure:5692: result: ar
configure:5729: checking for archiver @FILE support
configure:5746: gcc -c -g -O2  conftest.c >&5
configure:5746: $? = 0
configure:5749: ar cru libconftest.a @conftest.lst >&5
configure:5752: $? = 0
configure:5757: ar cru libconftest.a @conftest.lst >&5
ar: conftest.o: No such file or directory
configure:5760: $? = 1
configure:5772: result: @
configure:5830: checking for strip
configure:5846: found /usr/bin/strip
configure:5857: result: strip
configure:5929: checking for ranlib
configure:5945: found /usr/bin/ranlib
configure:5956: result: ranlib
configure:6058: checking command to parse /usr/bin/nm -B output from gcc object
configure:6178: gcc -c -g -O2  conftest.c >&5
configure:6181: $? = 0
configure:6185: /usr/bin/nm -B conftest.o \| sed -n -e 's/^.*[ ]\([ABCDGIRSTW][ABCDGIRSTW]*\)[ ][ ]*\([_A-Za-z][_A-Za-z0-9]*\)$/\1 \2 \2/p' | sed '/ __gnu_lto/d' \> conftest.nm
configure:6188: $? = 0
configure:6254: gcc -o conftest -g -O2   conftest.c conftstm.o >&5
configure:6257: $? = 0
configure:6295: result: ok
configure:6332: checking for sysroot
configure:6362: result: no
configure:6439: gcc -c -g -O2  conftest.c >&5
configure:6442: $? = 0
configure:6618: checking for mt
configure:6634: found /bin/mt
configure:6645: result: mt
configure:6668: checking if mt is a manifest tool
configure:6674: mt '-?'
configure:6682: result: no
configure:7324: checking how to run the C preprocessor
configure:7355: gcc -E  conftest.c
configure:7355: $? = 0
configure:7369: gcc -E  conftest.c
conftest.c:11:28: fatal error: ac_nonexistent.h: No such file or directory
 #include <ac_nonexistent.h>
                            ^
compilation terminated.
configure:7369: $? = 1
configure: failed program was:
| /* confdefs.h */
| #define PACKAGE_NAME "EPACTS"
| #define PACKAGE_TARNAME "epacts"
| #define PACKAGE_VERSION "3.3.0"
| #define PACKAGE_STRING "EPACTS 3.3.0"
| #define PACKAGE_BUGREPORT "hmkang@umich.edu"
| #define PACKAGE_URL ""
| #define PACKAGE "EPACTS"
| #define VERSION "3.3.0"
| /* end confdefs.h.  */
| #include <ac_nonexistent.h>
configure:7394: result: gcc -E
configure:7414: gcc -E  conftest.c
configure:7414: $? = 0
configure:7428: gcc -E  conftest.c
conftest.c:11:28: fatal error: ac_nonexistent.h: No such file or directory
 #include <ac_nonexistent.h>
                            ^
compilation terminated.
configure:7428: $? = 1
configure: failed program was:
| /* confdefs.h */
| #define PACKAGE_NAME "EPACTS"
| #define PACKAGE_TARNAME "epacts"
| #define PACKAGE_VERSION "3.3.0"
| #define PACKAGE_STRING "EPACTS 3.3.0"
| #define PACKAGE_BUGREPORT "hmkang@umich.edu"
| #define PACKAGE_URL ""
| #define PACKAGE "EPACTS"
| #define VERSION "3.3.0"
| /* end confdefs.h.  */
| #include <ac_nonexistent.h>
configure:7457: checking for ANSI C header files
configure:7477: gcc -c -g -O2  conftest.c >&5
configure:7477: $? = 0
configure:7550: gcc -o conftest -g -O2   conftest.c  >&5
configure:7550: $? = 0
configure:7550: ./conftest
configure:7550: $? = 0
configure:7561: result: yes
configure:7574: checking for sys/types.h
configure:7574: gcc -c -g -O2  conftest.c >&5
configure:7574: $? = 0
configure:7574: result: yes
configure:7574: checking for sys/stat.h
configure:7574: gcc -c -g -O2  conftest.c >&5
configure:7574: $? = 0
configure:7574: result: yes
configure:7574: checking for stdlib.h
configure:7574: gcc -c -g -O2  conftest.c >&5
configure:7574: $? = 0
configure:7574: result: yes
configure:7574: checking for string.h
configure:7574: gcc -c -g -O2  conftest.c >&5
configure:7574: $? = 0
configure:7574: result: yes
configure:7574: checking for memory.h
configure:7574: gcc -c -g -O2  conftest.c >&5
configure:7574: $? = 0
configure:7574: result: yes
configure:7574: checking for strings.h
configure:7574: gcc -c -g -O2  conftest.c >&5
configure:7574: $? = 0
configure:7574: result: yes
configure:7574: checking for inttypes.h
configure:7574: gcc -c -g -O2  conftest.c >&5
configure:7574: $? = 0
configure:7574: result: yes
configure:7574: checking for stdint.h
configure:7574: gcc -c -g -O2  conftest.c >&5
configure:7574: $? = 0
configure:7574: result: yes
configure:7574: checking for unistd.h
configure:7574: gcc -c -g -O2  conftest.c >&5
configure:7574: $? = 0
configure:7574: result: yes
configure:7588: checking for dlfcn.h
configure:7588: gcc -c -g -O2  conftest.c >&5
configure:7588: $? = 0
configure:7588: result: yes
configure:7794: checking for objdir
configure:7809: result: .libs
configure:8080: checking if gcc supports -fno-rtti -fno-exceptions
configure:8098: gcc -c -g -O2  -fno-rtti -fno-exceptions conftest.c >&5
cc1: warning: command line option '-fno-rtti' is valid for C++/ObjC++ but not for C [enabled by default]
configure:8102: $? = 0
configure:8115: result: no
configure:8442: checking for gcc option to produce PIC
configure:8449: result: -fPIC -DPIC
configure:8457: checking if gcc PIC flag -fPIC -DPIC works
configure:8475: gcc -c -g -O2  -fPIC -DPIC -DPIC conftest.c >&5
configure:8479: $? = 0
configure:8492: result: yes
configure:8521: checking if gcc static flag -static works
configure:8549: result: yes
configure:8564: checking if gcc supports -c -o file.o
configure:8585: gcc -c -g -O2  -o out/conftest2.o conftest.c >&5
configure:8589: $? = 0
configure:8611: result: yes
configure:8619: checking if gcc supports -c -o file.o
configure:8666: result: yes
configure:8699: checking whether the gcc linker (/usr/bin/ld -m elf_x86_64) supports shared libraries
configure:9856: result: yes
configure:9893: checking whether -lc should be explicitly linked in
configure:9901: gcc -c -g -O2  conftest.c >&5
configure:9904: $? = 0
configure:9919: gcc -shared  -fPIC -DPIC conftest.o  -v -Wl,-soname -Wl,conftest -o conftest 2\>\&1 \| /bin/grep  -lc  \>/dev/null 2\>\&1
configure:9922: $? = 0
configure:9936: result: no
configure:10096: checking dynamic linker characteristics
configure:10607: gcc -o conftest -g -O2   -Wl,-rpath -Wl,/foo conftest.c  >&5
configure:10607: $? = 0
configure:10841: result: GNU/Linux ld.so
configure:10948: checking how to hardcode library paths into programs
configure:10973: result: immediate
configure:11513: checking whether stripping libraries is possible
configure:11518: result: yes
configure:11553: checking if libtool supports shared libraries
configure:11555: result: yes
configure:11558: checking whether to build shared libraries
configure:11579: result: yes
configure:11582: checking whether to build static libraries
configure:11586: result: yes
configure:11740: checking for g++
configure:11756: found /usr/bin/g++
configure:11767: result: g++
configure:11794: checking for C++ compiler version
configure:11803: g++ --version >&5
g++ (Ubuntu 4.8.5-2ubuntu1~14.04.1) 4.8.5
Copyright (C) 2015 Free Software Foundation, Inc.
This is free software; see the source for copying conditions.  There is NO
warranty; not even for MERCHANTABILITY or FITNESS FOR A PARTICULAR PURPOSE.

configure:11814: $? = 0
configure:11803: g++ -v >&5
Using built-in specs.
COLLECT_GCC=g++
COLLECT_LTO_WRAPPER=/usr/lib/gcc/x86_64-linux-gnu/4.8/lto-wrapper
Target: x86_64-linux-gnu
Configured with: ../src/configure -v --with-pkgversion='Ubuntu 4.8.5-2ubuntu1~14.04.1' --with-bugurl=file:///usr/share/doc/gcc-4.8/README.Bugs --enable-languages=c,c++,java,go,d,fortran,objc,obj-c++ --prefix=/usr --program-suffix=-4.8 --enable-shared --enable-linker-build-id --libexecdir=/usr/lib --without-included-gettext --enable-threads=posix --with-gxx-include-dir=/usr/include/c++/4.8 --libdir=/usr/lib --enable-nls --with-sysroot=/ --enable-clocale=gnu --enable-libstdcxx-debug --enable-libstdcxx-time=yes --enable-gnu-unique-object --disable-libmudflap --enable-plugin --with-system-zlib --disable-browser-plugin --enable-java-awt=gtk --enable-gtk-cairo --with-java-home=/usr/lib/jvm/java-1.5.0-gcj-4.8-amd64/jre --enable-java-home --with-jvm-root-dir=/usr/lib/jvm/java-1.5.0-gcj-4.8-amd64 --with-jvm-jar-dir=/usr/lib/jvm-exports/java-1.5.0-gcj-4.8-amd64 --with-arch-directory=amd64 --with-ecj-jar=/usr/share/java/eclipse-ecj.jar --enable-objc-gc --enable-multiarch --disable-werror --with-arch-32=i686 --with-abi=m64 --with-multilib-list=m32,m64,mx32 --with-tune=generic --enable-checking=release --build=x86_64-linux-gnu --host=x86_64-linux-gnu --target=x86_64-linux-gnu
Thread model: posix
gcc version 4.8.5 (Ubuntu 4.8.5-2ubuntu1~14.04.1) 
configure:11814: $? = 0
configure:11803: g++ -V >&5
g++: error: unrecognized command line option '-V'
g++: fatal error: no input files
compilation terminated.
configure:11814: $? = 4
configure:11803: g++ -qversion >&5
g++: error: unrecognized command line option '-qversion'
g++: fatal error: no input files
compilation terminated.
configure:11814: $? = 4
configure:11818: checking whether we are using the GNU C++ compiler
configure:11837: g++ -c   conftest.cpp >&5
configure:11837: $? = 0
configure:11846: result: yes
configure:11855: checking whether g++ accepts -g
configure:11875: g++ -c -g  conftest.cpp >&5
configure:11875: $? = 0
configure:11916: result: yes
configure:11941: checking dependency style of g++
configure:12052: result: gcc3
configure:12085: checking how to run the C++ preprocessor
configure:12112: g++ -E  conftest.cpp
configure:12112: $? = 0
configure:12126: g++ -E  conftest.cpp
conftest.cpp:23:28: fatal error: ac_nonexistent.h: No such file or directory
 #include <ac_nonexistent.h>
                            ^
compilation terminated.
configure:12126: $? = 1
configure: failed program was:
| /* confdefs.h */
| #define PACKAGE_NAME "EPACTS"
| #define PACKAGE_TARNAME "epacts"
| #define PACKAGE_VERSION "3.3.0"
| #define PACKAGE_STRING "EPACTS 3.3.0"
| #define PACKAGE_BUGREPORT "hmkang@umich.edu"
| #define PACKAGE_URL ""
| #define PACKAGE "EPACTS"
| #define VERSION "3.3.0"
| #define STDC_HEADERS 1
| #define HAVE_SYS_TYPES_H 1
| #define HAVE_SYS_STAT_H 1
| #define HAVE_STDLIB_H 1
| #define HAVE_STRING_H 1
| #define HAVE_MEMORY_H 1
| #define HAVE_STRINGS_H 1
| #define HAVE_INTTYPES_H 1
| #define HAVE_STDINT_H 1
| #define HAVE_UNISTD_H 1
| #define HAVE_DLFCN_H 1
| #define LT_OBJDIR ".libs/"
| /* end confdefs.h.  */
| #include <ac_nonexistent.h>
configure:12151: result: g++ -E
configure:12171: g++ -E  conftest.cpp
configure:12171: $? = 0
configure:12185: g++ -E  conftest.cpp
conftest.cpp:23:28: fatal error: ac_nonexistent.h: No such file or directory
 #include <ac_nonexistent.h>
                            ^
compilation terminated.
configure:12185: $? = 1
configure: failed program was:
| /* confdefs.h */
| #define PACKAGE_NAME "EPACTS"
| #define PACKAGE_TARNAME "epacts"
| #define PACKAGE_VERSION "3.3.0"
| #define PACKAGE_STRING "EPACTS 3.3.0"
| #define PACKAGE_BUGREPORT "hmkang@umich.edu"
| #define PACKAGE_URL ""
| #define PACKAGE "EPACTS"
| #define VERSION "3.3.0"
| #define STDC_HEADERS 1
| #define HAVE_SYS_TYPES_H 1
| #define HAVE_SYS_STAT_H 1
| #define HAVE_STDLIB_H 1
| #define HAVE_STRING_H 1
| #define HAVE_MEMORY_H 1
| #define HAVE_STRINGS_H 1
| #define HAVE_INTTYPES_H 1
| #define HAVE_STDINT_H 1
| #define HAVE_UNISTD_H 1
| #define HAVE_DLFCN_H 1
| #define LT_OBJDIR ".libs/"
| /* end confdefs.h.  */
| #include <ac_nonexistent.h>
configure:12354: checking for ld used by g++
configure:12421: result: /usr/bin/ld -m elf_x86_64
configure:12428: checking if the linker (/usr/bin/ld -m elf_x86_64) is GNU ld
configure:12443: result: yes
configure:12498: checking whether the g++ linker (/usr/bin/ld -m elf_x86_64) supports shared libraries
configure:13503: result: yes
configure:13539: g++ -c -g -O2  conftest.cpp >&5
configure:13542: $? = 0
configure:14062: checking for g++ option to produce PIC
configure:14069: result: -fPIC -DPIC
configure:14077: checking if g++ PIC flag -fPIC -DPIC works
configure:14095: g++ -c -g -O2  -fPIC -DPIC -DPIC conftest.cpp >&5
configure:14099: $? = 0
configure:14112: result: yes
configure:14135: checking if g++ static flag -static works
configure:14163: result: yes
configure:14175: checking if g++ supports -c -o file.o
configure:14196: g++ -c -g -O2  -o out/conftest2.o conftest.cpp >&5
configure:14200: $? = 0
configure:14222: result: yes
configure:14227: checking if g++ supports -c -o file.o
configure:14274: result: yes
configure:14304: checking whether the g++ linker (/usr/bin/ld -m elf_x86_64) supports shared libraries
configure:14343: result: yes
configure:14484: checking dynamic linker characteristics
configure:15163: result: GNU/Linux ld.so
configure:15216: checking how to hardcode library paths into programs
configure:15241: result: immediate
configure:15329: checking for gcc
configure:15356: result: gcc
configure:15585: checking for C compiler version
configure:15594: gcc --version >&5
gcc (Ubuntu 4.8.5-2ubuntu1~14.04.1) 4.8.5
Copyright (C) 2015 Free Software Foundation, Inc.
This is free software; see the source for copying conditions.  There is NO
warranty; not even for MERCHANTABILITY or FITNESS FOR A PARTICULAR PURPOSE.

configure:15605: $? = 0
configure:15594: gcc -v >&5
Using built-in specs.
COLLECT_GCC=gcc
COLLECT_LTO_WRAPPER=/usr/lib/gcc/x86_64-linux-gnu/4.8/lto-wrapper
Target: x86_64-linux-gnu
Configured with: ../src/configure -v --with-pkgversion='Ubuntu 4.8.5-2ubuntu1~14.04.1' --with-bugurl=file:///usr/share/doc/gcc-4.8/README.Bugs --enable-languages=c,c++,java,go,d,fortran,objc,obj-c++ --prefix=/usr --program-suffix=-4.8 --enable-shared --enable-linker-build-id --libexecdir=/usr/lib --without-included-gettext --enable-threads=posix --with-gxx-include-dir=/usr/include/c++/4.8 --libdir=/usr/lib --enable-nls --with-sysroot=/ --enable-clocale=gnu --enable-libstdcxx-debug --enable-libstdcxx-time=yes --enable-gnu-unique-object --disable-libmudflap --enable-plugin --with-system-zlib --disable-browser-plugin --enable-java-awt=gtk --enable-gtk-cairo --with-java-home=/usr/lib/jvm/java-1.5.0-gcj-4.8-amd64/jre --enable-java-home --with-jvm-root-dir=/usr/lib/jvm/java-1.5.0-gcj-4.8-amd64 --with-jvm-jar-dir=/usr/lib/jvm-exports/java-1.5.0-gcj-4.8-amd64 --with-arch-directory=amd64 --with-ecj-jar=/usr/share/java/eclipse-ecj.jar --enable-objc-gc --enable-multiarch --disable-werror --with-arch-32=i686 --with-abi=m64 --with-multilib-list=m32,m64,mx32 --with-tune=generic --enable-checking=release --build=x86_64-linux-gnu --host=x86_64-linux-gnu --target=x86_64-linux-gnu
Thread model: posix
gcc version 4.8.5 (Ubuntu 4.8.5-2ubuntu1~14.04.1) 
configure:15605: $? = 0
configure:15594: gcc -V >&5
gcc: error: unrecognized command line option '-V'
gcc: fatal error: no input files
compilation terminated.
configure:15605: $? = 4
configure:15594: gcc -qversion >&5
gcc: error: unrecognized command line option '-qversion'
gcc: fatal error: no input files
compilation terminated.
configure:15605: $? = 4
configure:15609: checking whether we are using the GNU C compiler
configure:15637: result: yes
configure:15646: checking whether gcc accepts -g
configure:15707: result: yes
configure:15724: checking for gcc option to accept ISO C89
configure:15800: result: none needed
configure:15822: checking dependency style of gcc
configure:15933: result: gcc3
configure:15955: checking limits.h usability
configure:15955: gcc -c -g -O2  conftest.c >&5
configure:15955: $? = 0
configure:15955: result: yes
configure:15955: checking limits.h presence
configure:15955: gcc -E  conftest.c
configure:15955: $? = 0
configure:15955: result: yes
configure:15955: checking for limits.h
configure:15955: result: yes
configure:15955: checking stddef.h usability
configure:15955: gcc -c -g -O2  conftest.c >&5
configure:15955: $? = 0
configure:15955: result: yes
configure:15955: checking stddef.h presence
configure:15955: gcc -E  conftest.c
configure:15955: $? = 0
configure:15955: result: yes
configure:15955: checking for stddef.h
configure:15955: result: yes
configure:15955: checking for stdint.h
configure:15955: result: yes
configure:15955: checking for stdlib.h
configure:15955: result: yes
configure:15955: checking for string.h
configure:15955: result: yes
configure:15955: checking for unistd.h
configure:15955: result: yes
configure:15967: checking for stdbool.h that conforms to C99
configure:16034: gcc -c -g -O2  conftest.c >&5
configure:16034: $? = 0
configure:16041: result: yes
configure:16043: checking for _Bool
configure:16043: gcc -c -g -O2  conftest.c >&5
configure:16043: $? = 0
configure:16043: gcc -c -g -O2  conftest.c >&5
conftest.c: In function 'main':
conftest.c:65:20: error: expected expression before ')' token
 if (sizeof ((_Bool)))
                    ^
configure:16043: $? = 1
configure: failed program was:
| /* confdefs.h */
| #define PACKAGE_NAME "EPACTS"
| #define PACKAGE_TARNAME "epacts"
| #define PACKAGE_VERSION "3.3.0"
| #define PACKAGE_STRING "EPACTS 3.3.0"
| #define PACKAGE_BUGREPORT "hmkang@umich.edu"
| #define PACKAGE_URL ""
| #define PACKAGE "EPACTS"
| #define VERSION "3.3.0"
| #define STDC_HEADERS 1
| #define HAVE_SYS_TYPES_H 1
| #define HAVE_SYS_STAT_H 1
| #define HAVE_STDLIB_H 1
| #define HAVE_STRING_H 1
| #define HAVE_MEMORY_H 1
| #define HAVE_STRINGS_H 1
| #define HAVE_INTTYPES_H 1
| #define HAVE_STDINT_H 1
| #define HAVE_UNISTD_H 1
| #define HAVE_DLFCN_H 1
| #define LT_OBJDIR ".libs/"
| #define HAVE_LIMITS_H 1
| #define HAVE_STDDEF_H 1
| #define HAVE_STDINT_H 1
| #define HAVE_STDLIB_H 1
| #define HAVE_STRING_H 1
| #define HAVE_UNISTD_H 1
| /* end confdefs.h.  */
| #include <stdio.h>
| #ifdef HAVE_SYS_TYPES_H
| # include <sys/types.h>
| #endif
| #ifdef HAVE_SYS_STAT_H
| # include <sys/stat.h>
| #endif
| #ifdef STDC_HEADERS
| # include <stdlib.h>
| # include <stddef.h>
| #else
| # ifdef HAVE_STDLIB_H
| #  include <stdlib.h>
| # endif
| #endif
| #ifdef HAVE_STRING_H
| # if !defined STDC_HEADERS && defined HAVE_MEMORY_H
| #  include <memory.h>
| # endif
| # include <string.h>
| #endif
| #ifdef HAVE_STRINGS_H
| # include <strings.h>
| #endif
| #ifdef HAVE_INTTYPES_H
| # include <inttypes.h>
| #endif
| #ifdef HAVE_STDINT_H
| # include <stdint.h>
| #endif
| #ifdef HAVE_UNISTD_H
| # include <unistd.h>
| #endif
| int
| main ()
| {
| if (sizeof ((_Bool)))
| 	    return 0;
|   ;
|   return 0;
| }
configure:16043: result: yes
configure:16060: checking for inline
configure:16076: gcc -c -g -O2  conftest.c >&5
configure:16076: $? = 0
configure:16084: result: inline
configure:16102: checking for int32_t
configure:16102: gcc -c -g -O2  conftest.c >&5
configure:16102: $? = 0
configure:16102: gcc -c -g -O2  conftest.c >&5
conftest.c: In function 'main':
conftest.c:69:53: warning: integer overflow in expression [-Woverflow]
    < (int32_t) (((((int32_t) 1 << N) << N) - 1) * 2 + 2))];
                                                     ^
conftest.c:68:12: error: storage size of 'test_array' isn't constant
 static int test_array [1 - 2 * !((int32_t) (((((int32_t) 1 << N) << N) - 1) * 2 + 1)
            ^
configure:16102: $? = 1
configure: failed program was:
| /* confdefs.h */
| #define PACKAGE_NAME "EPACTS"
| #define PACKAGE_TARNAME "epacts"
| #define PACKAGE_VERSION "3.3.0"
| #define PACKAGE_STRING "EPACTS 3.3.0"
| #define PACKAGE_BUGREPORT "hmkang@umich.edu"
| #define PACKAGE_URL ""
| #define PACKAGE "EPACTS"
| #define VERSION "3.3.0"
| #define STDC_HEADERS 1
| #define HAVE_SYS_TYPES_H 1
| #define HAVE_SYS_STAT_H 1
| #define HAVE_STDLIB_H 1
| #define HAVE_STRING_H 1
| #define HAVE_MEMORY_H 1
| #define HAVE_STRINGS_H 1
| #define HAVE_INTTYPES_H 1
| #define HAVE_STDINT_H 1
| #define HAVE_UNISTD_H 1
| #define HAVE_DLFCN_H 1
| #define LT_OBJDIR ".libs/"
| #define HAVE_LIMITS_H 1
| #define HAVE_STDDEF_H 1
| #define HAVE_STDINT_H 1
| #define HAVE_STDLIB_H 1
| #define HAVE_STRING_H 1
| #define HAVE_UNISTD_H 1
| #define HAVE__BOOL 1
| #define HAVE_STDBOOL_H 1
| /* end confdefs.h.  */
| #include <stdio.h>
| #ifdef HAVE_SYS_TYPES_H
| # include <sys/types.h>
| #endif
| #ifdef HAVE_SYS_STAT_H
| # include <sys/stat.h>
| #endif
| #ifdef STDC_HEADERS
| # include <stdlib.h>
| # include <stddef.h>
| #else
| # ifdef HAVE_STDLIB_H
| #  include <stdlib.h>
| # endif
| #endif
| #ifdef HAVE_STRING_H
| # if !defined STDC_HEADERS && defined HAVE_MEMORY_H
| #  include <memory.h>
| # endif
| # include <string.h>
| #endif
| #ifdef HAVE_STRINGS_H
| # include <strings.h>
| #endif
| #ifdef HAVE_INTTYPES_H
| # include <inttypes.h>
| #endif
| #ifdef HAVE_STDINT_H
| # include <stdint.h>
| #endif
| #ifdef HAVE_UNISTD_H
| # include <unistd.h>
| #endif
| 	        enum { N = 32 / 2 - 1 };
| int
| main ()
| {
| static int test_array [1 - 2 * !((int32_t) (((((int32_t) 1 << N) << N) - 1) * 2 + 1)
| 		 < (int32_t) (((((int32_t) 1 << N) << N) - 1) * 2 + 2))];
| test_array [0] = 0;
| return test_array [0];
| 
|   ;
|   return 0;
| }
configure:16102: result: yes
configure:16113: checking for int64_t
configure:16113: gcc -c -g -O2  conftest.c >&5
configure:16113: $? = 0
configure:16113: gcc -c -g -O2  conftest.c >&5
conftest.c: In function 'main':
conftest.c:69:53: warning: integer overflow in expression [-Woverflow]
    < (int64_t) (((((int64_t) 1 << N) << N) - 1) * 2 + 2))];
                                                     ^
conftest.c:68:12: error: storage size of 'test_array' isn't constant
 static int test_array [1 - 2 * !((int64_t) (((((int64_t) 1 << N) << N) - 1) * 2 + 1)
            ^
configure:16113: $? = 1
configure: failed program was:
| /* confdefs.h */
| #define PACKAGE_NAME "EPACTS"
| #define PACKAGE_TARNAME "epacts"
| #define PACKAGE_VERSION "3.3.0"
| #define PACKAGE_STRING "EPACTS 3.3.0"
| #define PACKAGE_BUGREPORT "hmkang@umich.edu"
| #define PACKAGE_URL ""
| #define PACKAGE "EPACTS"
| #define VERSION "3.3.0"
| #define STDC_HEADERS 1
| #define HAVE_SYS_TYPES_H 1
| #define HAVE_SYS_STAT_H 1
| #define HAVE_STDLIB_H 1
| #define HAVE_STRING_H 1
| #define HAVE_MEMORY_H 1
| #define HAVE_STRINGS_H 1
| #define HAVE_INTTYPES_H 1
| #define HAVE_STDINT_H 1
| #define HAVE_UNISTD_H 1
| #define HAVE_DLFCN_H 1
| #define LT_OBJDIR ".libs/"
| #define HAVE_LIMITS_H 1
| #define HAVE_STDDEF_H 1
| #define HAVE_STDINT_H 1
| #define HAVE_STDLIB_H 1
| #define HAVE_STRING_H 1
| #define HAVE_UNISTD_H 1
| #define HAVE__BOOL 1
| #define HAVE_STDBOOL_H 1
| /* end confdefs.h.  */
| #include <stdio.h>
| #ifdef HAVE_SYS_TYPES_H
| # include <sys/types.h>
| #endif
| #ifdef HAVE_SYS_STAT_H
| # include <sys/stat.h>
| #endif
| #ifdef STDC_HEADERS
| # include <stdlib.h>
| # include <stddef.h>
| #else
| # ifdef HAVE_STDLIB_H
| #  include <stdlib.h>
| # endif
| #endif
| #ifdef HAVE_STRING_H
| # if !defined STDC_HEADERS && defined HAVE_MEMORY_H
| #  include <memory.h>
| # endif
| # include <string.h>
| #endif
| #ifdef HAVE_STRINGS_H
| # include <strings.h>
| #endif
| #ifdef HAVE_INTTYPES_H
| # include <inttypes.h>
| #endif
| #ifdef HAVE_STDINT_H
| # include <stdint.h>
| #endif
| #ifdef HAVE_UNISTD_H
| # include <unistd.h>
| #endif
| 	        enum { N = 64 / 2 - 1 };
| int
| main ()
| {
| static int test_array [1 - 2 * !((int64_t) (((((int64_t) 1 << N) << N) - 1) * 2 + 1)
| 		 < (int64_t) (((((int64_t) 1 << N) << N) - 1) * 2 + 2))];
| test_array [0] = 0;
| return test_array [0];
| 
|   ;
|   return 0;
| }
configure:16113: result: yes
configure:16124: checking for C/C++ restrict keyword
configure:16149: gcc -c -g -O2  conftest.c >&5
configure:16149: $? = 0
configure:16157: result: __restrict
configure:16170: checking for size_t
configure:16170: gcc -c -g -O2  conftest.c >&5
configure:16170: $? = 0
configure:16170: gcc -c -g -O2  conftest.c >&5
conftest.c: In function 'main':
conftest.c:68:21: error: expected expression before ')' token
 if (sizeof ((size_t)))
                     ^
configure:16170: $? = 1
configure: failed program was:
| /* confdefs.h */
| #define PACKAGE_NAME "EPACTS"
| #define PACKAGE_TARNAME "epacts"
| #define PACKAGE_VERSION "3.3.0"
| #define PACKAGE_STRING "EPACTS 3.3.0"
| #define PACKAGE_BUGREPORT "hmkang@umich.edu"
| #define PACKAGE_URL ""
| #define PACKAGE "EPACTS"
| #define VERSION "3.3.0"
| #define STDC_HEADERS 1
| #define HAVE_SYS_TYPES_H 1
| #define HAVE_SYS_STAT_H 1
| #define HAVE_STDLIB_H 1
| #define HAVE_STRING_H 1
| #define HAVE_MEMORY_H 1
| #define HAVE_STRINGS_H 1
| #define HAVE_INTTYPES_H 1
| #define HAVE_STDINT_H 1
| #define HAVE_UNISTD_H 1
| #define HAVE_DLFCN_H 1
| #define LT_OBJDIR ".libs/"
| #define HAVE_LIMITS_H 1
| #define HAVE_STDDEF_H 1
| #define HAVE_STDINT_H 1
| #define HAVE_STDLIB_H 1
| #define HAVE_STRING_H 1
| #define HAVE_UNISTD_H 1
| #define HAVE__BOOL 1
| #define HAVE_STDBOOL_H 1
| #define restrict __restrict
| /* end confdefs.h.  */
| #include <stdio.h>
| #ifdef HAVE_SYS_TYPES_H
| # include <sys/types.h>
| #endif
| #ifdef HAVE_SYS_STAT_H
| # include <sys/stat.h>
| #endif
| #ifdef STDC_HEADERS
| # include <stdlib.h>
| # include <stddef.h>
| #else
| # ifdef HAVE_STDLIB_H
| #  include <stdlib.h>
| # endif
| #endif
| #ifdef HAVE_STRING_H
| # if !defined STDC_HEADERS && defined HAVE_MEMORY_H
| #  include <memory.h>
| # endif
| # include <string.h>
| #endif
| #ifdef HAVE_STRINGS_H
| # include <strings.h>
| #endif
| #ifdef HAVE_INTTYPES_H
| # include <inttypes.h>
| #endif
| #ifdef HAVE_STDINT_H
| # include <stdint.h>
| #endif
| #ifdef HAVE_UNISTD_H
| # include <unistd.h>
| #endif
| int
| main ()
| {
| if (sizeof ((size_t)))
| 	    return 0;
|   ;
|   return 0;
| }
configure:16170: result: yes
configure:16181: checking for uint16_t
configure:16181: gcc -c -g -O2  conftest.c >&5
configure:16181: $? = 0
configure:16181: result: yes
configure:16193: checking for uint32_t
configure:16193: gcc -c -g -O2  conftest.c >&5
configure:16193: $? = 0
configure:16193: result: yes
configure:16207: checking for uint64_t
configure:16207: gcc -c -g -O2  conftest.c >&5
configure:16207: $? = 0
configure:16207: result: yes
configure:16221: checking for uint8_t
configure:16221: gcc -c -g -O2  conftest.c >&5
configure:16221: $? = 0
configure:16221: result: yes
configure:16235: checking for ptrdiff_t
configure:16235: gcc -c -g -O2  conftest.c >&5
configure:16235: $? = 0
configure:16235: gcc -c -g -O2  conftest.c >&5
conftest.c: In function 'main':
conftest.c:68:24: error: expected expression before ')' token
 if (sizeof ((ptrdiff_t)))
                        ^
configure:16235: $? = 1
configure: failed program was:
| /* confdefs.h */
| #define PACKAGE_NAME "EPACTS"
| #define PACKAGE_TARNAME "epacts"
| #define PACKAGE_VERSION "3.3.0"
| #define PACKAGE_STRING "EPACTS 3.3.0"
| #define PACKAGE_BUGREPORT "hmkang@umich.edu"
| #define PACKAGE_URL ""
| #define PACKAGE "EPACTS"
| #define VERSION "3.3.0"
| #define STDC_HEADERS 1
| #define HAVE_SYS_TYPES_H 1
| #define HAVE_SYS_STAT_H 1
| #define HAVE_STDLIB_H 1
| #define HAVE_STRING_H 1
| #define HAVE_MEMORY_H 1
| #define HAVE_STRINGS_H 1
| #define HAVE_INTTYPES_H 1
| #define HAVE_STDINT_H 1
| #define HAVE_UNISTD_H 1
| #define HAVE_DLFCN_H 1
| #define LT_OBJDIR ".libs/"
| #define HAVE_LIMITS_H 1
| #define HAVE_STDDEF_H 1
| #define HAVE_STDINT_H 1
| #define HAVE_STDLIB_H 1
| #define HAVE_STRING_H 1
| #define HAVE_UNISTD_H 1
| #define HAVE__BOOL 1
| #define HAVE_STDBOOL_H 1
| #define restrict __restrict
| /* end confdefs.h.  */
| #include <stdio.h>
| #ifdef HAVE_SYS_TYPES_H
| # include <sys/types.h>
| #endif
| #ifdef HAVE_SYS_STAT_H
| # include <sys/stat.h>
| #endif
| #ifdef STDC_HEADERS
| # include <stdlib.h>
| # include <stddef.h>
| #else
| # ifdef HAVE_STDLIB_H
| #  include <stdlib.h>
| # endif
| #endif
| #ifdef HAVE_STRING_H
| # if !defined STDC_HEADERS && defined HAVE_MEMORY_H
| #  include <memory.h>
| # endif
| # include <string.h>
| #endif
| #ifdef HAVE_STRINGS_H
| # include <strings.h>
| #endif
| #ifdef HAVE_INTTYPES_H
| # include <inttypes.h>
| #endif
| #ifdef HAVE_STDINT_H
| # include <stdint.h>
| #endif
| #ifdef HAVE_UNISTD_H
| # include <unistd.h>
| #endif
| int
| main ()
| {
| if (sizeof ((ptrdiff_t)))
| 	    return 0;
|   ;
|   return 0;
| }
configure:16235: result: yes
configure:16247: checking for error_at_line
configure:16263: gcc -o conftest -g -O2   conftest.c  >&5
configure:16263: $? = 0
configure:16271: result: yes
configure:16284: checking for stdlib.h
configure:16284: result: yes
configure:16294: checking for GNU libc compatible malloc
configure:16318: gcc -o conftest -g -O2   conftest.c  >&5
configure:16318: $? = 0
configure:16318: ./conftest
configure:16318: $? = 0
configure:16328: result: yes
configure:16349: checking whether sys/types.h defines makedev
configure:16365: gcc -o conftest -g -O2   conftest.c  >&5
configure:16365: $? = 0
configure:16374: result: yes
configure:16401: checking for stdlib.h
configure:16401: result: yes
configure:16411: checking for GNU libc compatible realloc
configure:16435: gcc -o conftest -g -O2   conftest.c  >&5
configure:16435: $? = 0
configure:16435: ./conftest
configure:16435: $? = 0
configure:16445: result: yes
configure:16466: checking for working strtod
configure:16507: gcc -o conftest -g -O2   conftest.c  >&5
configure:16507: $? = 0
configure:16507: ./conftest
configure:16507: $? = 0
configure:16517: result: yes
configure:16582: checking for floor
configure:16582: gcc -o conftest -g -O2   conftest.c  >&5
conftest.c:60:6: warning: conflicting types for built-in function 'floor' [enabled by default]
 char floor ();
      ^
/tmp/cc0j7dUM.o: In function `main':
/home/hmkang/code/working/EPACTS/conftest.c:71: undefined reference to `floor'
collect2: error: ld returned 1 exit status
configure:16582: $? = 1
configure: failed program was:
| /* confdefs.h */
| #define PACKAGE_NAME "EPACTS"
| #define PACKAGE_TARNAME "epacts"
| #define PACKAGE_VERSION "3.3.0"
| #define PACKAGE_STRING "EPACTS 3.3.0"
| #define PACKAGE_BUGREPORT "hmkang@umich.edu"
| #define PACKAGE_URL ""
| #define PACKAGE "EPACTS"
| #define VERSION "3.3.0"
| #define STDC_HEADERS 1
| #define HAVE_SYS_TYPES_H 1
| #define HAVE_SYS_STAT_H 1
| #define HAVE_STDLIB_H 1
| #define HAVE_STRING_H 1
| #define HAVE_MEMORY_H 1
| #define HAVE_STRINGS_H 1
| #define HAVE_INTTYPES_H 1
| #define HAVE_STDINT_H 1
| #define HAVE_UNISTD_H 1
| #define HAVE_DLFCN_H 1
| #define LT_OBJDIR ".libs/"
| #define HAVE_LIMITS_H 1
| #define HAVE_STDDEF_H 1
| #define HAVE_STDINT_H 1
| #define HAVE_STDLIB_H 1
| #define HAVE_STRING_H 1
| #define HAVE_UNISTD_H 1
| #define HAVE__BOOL 1
| #define HAVE_STDBOOL_H 1
| #define restrict __restrict
| #define HAVE_PTRDIFF_T 1
| #define HAVE_STDLIB_H 1
| #define HAVE_MALLOC 1
| #define HAVE_STDLIB_H 1
| #define HAVE_REALLOC 1
| /* end confdefs.h.  */
| /* Define floor to an innocuous variant, in case <limits.h> declares floor.
|    For example, HP-UX 11i <limits.h> declares gettimeofday.  */
| #define floor innocuous_floor
| 
| /* System header to define __stub macros and hopefully few prototypes,
|     which can conflict with char floor (); below.
|     Prefer <limits.h> to <assert.h> if __STDC__ is defined, since
|     <limits.h> exists even on freestanding compilers.  */
| 
| #ifdef __STDC__
| # include <limits.h>
| #else
| # include <assert.h>
| #endif
| 
| #undef floor
| 
| /* Override any GCC internal prototype to avoid an error.
|    Use char because int might match the return type of a GCC
|    builtin and then its argument prototype would still apply.  */
| #ifdef __cplusplus
| extern "C"
| #endif
| char floor ();
| /* The GNU C library defines this for functions which it implements
|     to always fail with ENOSYS.  Some functions are actually named
|     something starting with __ and the normal name is an alias.  */
| #if defined __stub_floor || defined __stub___floor
| choke me
| #endif
| 
| int
| main ()
| {
| return floor ();
|   ;
|   return 0;
| }
configure:16582: result: no
configure:16582: checking for gethostname
configure:16582: gcc -o conftest -g -O2   conftest.c  >&5
configure:16582: $? = 0
configure:16582: result: yes
configure:16582: checking for memset
configure:16582: gcc -o conftest -g -O2   conftest.c  >&5
conftest.c:61:6: warning: conflicting types for built-in function 'memset' [enabled by default]
 char memset ();
      ^
configure:16582: $? = 0
configure:16582: result: yes
configure:16582: checking for pow
configure:16582: gcc -o conftest -g -O2   conftest.c  >&5
conftest.c:62:6: warning: conflicting types for built-in function 'pow' [enabled by default]
 char pow ();
      ^
/tmp/cccsz5bp.o: In function `main':
/home/hmkang/code/working/EPACTS/conftest.c:73: undefined reference to `pow'
collect2: error: ld returned 1 exit status
configure:16582: $? = 1
configure: failed program was:
| /* confdefs.h */
| #define PACKAGE_NAME "EPACTS"
| #define PACKAGE_TARNAME "epacts"
| #define PACKAGE_VERSION "3.3.0"
| #define PACKAGE_STRING "EPACTS 3.3.0"
| #define PACKAGE_BUGREPORT "hmkang@umich.edu"
| #define PACKAGE_URL ""
| #define PACKAGE "EPACTS"
| #define VERSION "3.3.0"
| #define STDC_HEADERS 1
| #define HAVE_SYS_TYPES_H 1
| #define HAVE_SYS_STAT_H 1
| #define HAVE_STDLIB_H 1
| #define HAVE_STRING_H 1
| #define HAVE_MEMORY_H 1
| #define HAVE_STRINGS_H 1
| #define HAVE_INTTYPES_H 1
| #define HAVE_STDINT_H 1
| #define HAVE_UNISTD_H 1
| #define HAVE_DLFCN_H 1
| #define LT_OBJDIR ".libs/"
| #define HAVE_LIMITS_H 1
| #define HAVE_STDDEF_H 1
| #define HAVE_STDINT_H 1
| #define HAVE_STDLIB_H 1
| #define HAVE_STRING_H 1
| #define HAVE_UNISTD_H 1
| #define HAVE__BOOL 1
| #define HAVE_STDBOOL_H 1
| #define restrict __restrict
| #define HAVE_PTRDIFF_T 1
| #define HAVE_STDLIB_H 1
| #define HAVE_MALLOC 1
| #define HAVE_STDLIB_H 1
| #define HAVE_REALLOC 1
| #define HAVE_GETHOSTNAME 1
| #define HAVE_MEMSET 1
| /* end confdefs.h.  */
| /* Define pow to an innocuous variant, in case <limits.h> declares pow.
|    For example, HP-UX 11i <limits.h> declares gettimeofday.  */
| #define pow innocuous_pow
| 
| /* System header to define __stub macros and hopefully few prototypes,
|     which can conflict with char pow (); below.
|     Prefer <limits.h> to <assert.h> if __STDC__ is defined, since
|     <limits.h> exists even on freestanding compilers.  */
| 
| #ifdef __STDC__
| # include <limits.h>
| #else
| # include <assert.h>
| #endif
| 
| #undef pow
| 
| /* Override any GCC internal prototype to avoid an error.
|    Use char because int might match the return type of a GCC
|    builtin and then its argument prototype would still apply.  */
| #ifdef __cplusplus
| extern "C"
| #endif
| char pow ();
| /* The GNU C library defines this for functions which it implements
|     to always fail with ENOSYS.  Some functions are actually named
|     something starting with __ and the normal name is an alias.  */
| #if defined __stub_pow || defined __stub___pow
| choke me
| #endif
| 
| int
| main ()
| {
| return pow ();
|   ;
|   return 0;
| }
configure:16582: result: no
configure:16582: checking for select
configure:16582: gcc -o conftest -g -O2   conftest.c  >&5
configure:16582: $? = 0
configure:16582: result: yes
configure:16582: checking for sqrt
configure:16582: gcc -o conftest -g -O2   conftest.c  >&5
conftest.c:63:6: warning: conflicting types for built-in function 'sqrt' [enabled by default]
 char sqrt ();
      ^
/tmp/ccLGcIDQ.o: In function `main':
/home/hmkang/code/working/EPACTS/conftest.c:74: undefined reference to `sqrt'
collect2: error: ld returned 1 exit status
configure:16582: $? = 1
configure: failed program was:
| /* confdefs.h */
| #define PACKAGE_NAME "EPACTS"
| #define PACKAGE_TARNAME "epacts"
| #define PACKAGE_VERSION "3.3.0"
| #define PACKAGE_STRING "EPACTS 3.3.0"
| #define PACKAGE_BUGREPORT "hmkang@umich.edu"
| #define PACKAGE_URL ""
| #define PACKAGE "EPACTS"
| #define VERSION "3.3.0"
| #define STDC_HEADERS 1
| #define HAVE_SYS_TYPES_H 1
| #define HAVE_SYS_STAT_H 1
| #define HAVE_STDLIB_H 1
| #define HAVE_STRING_H 1
| #define HAVE_MEMORY_H 1
| #define HAVE_STRINGS_H 1
| #define HAVE_INTTYPES_H 1
| #define HAVE_STDINT_H 1
| #define HAVE_UNISTD_H 1
| #define HAVE_DLFCN_H 1
| #define LT_OBJDIR ".libs/"
| #define HAVE_LIMITS_H 1
| #define HAVE_STDDEF_H 1
| #define HAVE_STDINT_H 1
| #define HAVE_STDLIB_H 1
| #define HAVE_STRING_H 1
| #define HAVE_UNISTD_H 1
| #define HAVE__BOOL 1
| #define HAVE_STDBOOL_H 1
| #define restrict __restrict
| #define HAVE_PTRDIFF_T 1
| #define HAVE_STDLIB_H 1
| #define HAVE_MALLOC 1
| #define HAVE_STDLIB_H 1
| #define HAVE_REALLOC 1
| #define HAVE_GETHOSTNAME 1
| #define HAVE_MEMSET 1
| #define HAVE_SELECT 1
| /* end confdefs.h.  */
| /* Define sqrt to an innocuous variant, in case <limits.h> declares sqrt.
|    For example, HP-UX 11i <limits.h> declares gettimeofday.  */
| #define sqrt innocuous_sqrt
| 
| /* System header to define __stub macros and hopefully few prototypes,
|     which can conflict with char sqrt (); below.
|     Prefer <limits.h> to <assert.h> if __STDC__ is defined, since
|     <limits.h> exists even on freestanding compilers.  */
| 
| #ifdef __STDC__
| # include <limits.h>
| #else
| # include <assert.h>
| #endif
| 
| #undef sqrt
| 
| /* Override any GCC internal prototype to avoid an error.
|    Use char because int might match the return type of a GCC
|    builtin and then its argument prototype would still apply.  */
| #ifdef __cplusplus
| extern "C"
| #endif
| char sqrt ();
| /* The GNU C library defines this for functions which it implements
|     to always fail with ENOSYS.  Some functions are actually named
|     something starting with __ and the normal name is an alias.  */
| #if defined __stub_sqrt || defined __stub___sqrt
| choke me
| #endif
| 
| int
| main ()
| {
| return sqrt ();
|   ;
|   return 0;
| }
configure:16582: result: no
configure:16582: checking for strchr
configure:16582: gcc -o conftest -g -O2   conftest.c  >&5
conftest.c:63:6: warning: conflicting types for built-in function 'strchr' [enabled by default]
 char strchr ();
      ^
configure:16582: $? = 0
configure:16582: result: yes
configure:16582: checking for strstr
configure:16582: gcc -o conftest -g -O2   conftest.c  >&5
conftest.c:64:6: warning: conflicting types for built-in function 'strstr' [enabled by default]
 char strstr ();
      ^
configure:16582: $? = 0
configure:16582: result: yes
configure:16582: checking for strtol
configure:16582: gcc -o conftest -g -O2   conftest.c  >&5
configure:16582: $? = 0
configure:16582: result: yes
configure:16591: checking for gzopen in -lz
configure:16616: gcc -o conftest -g -O2   conftest.c -lz   >&5
configure:16616: $? = 0
configure:16625: result: yes
configure:16644: checking for perl
configure:16660: found /usr/bin/perl
configure:16671: result: yes
configure:16686: checking for gs
configure:16702: found /usr/bin/gs
configure:16713: result: yes
configure:16728: checking for Rscript
configure:16744: found /usr/bin/Rscript
configure:16755: result: yes
configure:16770: checking for R
configure:16786: found /usr/bin/R
configure:16797: result: yes
configure:16812: checking for grep
configure:16828: found /bin/grep
configure:16839: result: yes
configure:16854: checking for mv
configure:16870: found /bin/mv
configure:16881: result: yes
configure:16896: checking for rm
configure:16912: found /bin/rm
configure:16923: result: yes
configure:16938: checking for make
configure:16954: found /usr/bin/make
configure:16965: result: yes
configure:16980: checking for cat
configure:16996: found /bin/cat
configure:17007: result: yes
configure:17022: checking for cut
configure:17038: found /usr/bin/cut
configure:17049: result: yes
configure:17064: checking for dirname
configure:17080: found /usr/bin/dirname
configure:17091: result: yes
configure:17106: checking for head
configure:17122: found /usr/bin/head
configure:17133: result: yes
configure:17148: checking for mkdir
configure:17164: found /bin/mkdir
configure:17175: result: yes
configure:17190: checking for sort
configure:17206: found /usr/bin/sort
configure:17217: result: yes
configure:17232: checking for zcat
configure:17248: found /bin/zcat
configure:17259: result: yes
configure:17274: checking for groff
configure:17290: found /home/hmkang/bin/groff
configure:17301: result: yes
configure:17316: checking for pfbtops
configure:17332: found /home/hmkang/bin/pfbtops
configure:17343: result: yes
configure:17358: checking for gnuplot
configure:17374: found /home/hmkang/bin/gnuplot
configure:17385: result: yes
configure:17537: creating ./config.status

## ---------------- ##
## Cache variables. ##
## ---------------- ##

ac_cv_build=x86_64-unknown-linux-gnu
ac_cv_c_compiler_gnu=yes
ac_cv_c_inline=inline
ac_cv_c_int32_t=yes
ac_cv_c_int64_t=yes
ac_cv_c_restrict=__restrict
ac_cv_c_uint16_t=yes
ac_cv_c_uint32_t=yes
ac_cv_c_uint64_t=yes
ac_cv_c_uint8_t=yes
ac_cv_cxx_compiler_gnu=yes
ac_cv_env_CCC_set=
ac_cv_env_CCC_value=
ac_cv_env_CC_set=
ac_cv_env_CC_value=
ac_cv_env_CFLAGS_set=
ac_cv_env_CFLAGS_value=
ac_cv_env_CPPFLAGS_set=
ac_cv_env_CPPFLAGS_value=
ac_cv_env_CPP_set=
ac_cv_env_CPP_value=
ac_cv_env_CXXCPP_set=
ac_cv_env_CXXCPP_value=
ac_cv_env_CXXFLAGS_set=
ac_cv_env_CXXFLAGS_value=
ac_cv_env_CXX_set=
ac_cv_env_CXX_value=
ac_cv_env_LDFLAGS_set=
ac_cv_env_LDFLAGS_value=
ac_cv_env_LIBS_set=
ac_cv_env_LIBS_value=
ac_cv_env_build_alias_set=
ac_cv_env_build_alias_value=
ac_cv_env_host_alias_set=
ac_cv_env_host_alias_value=
ac_cv_env_target_alias_set=
ac_cv_env_target_alias_value=
ac_cv_func_floor=no
ac_cv_func_gethostname=yes
ac_cv_func_malloc_0_nonnull=yes
ac_cv_func_memset=yes
ac_cv_func_pow=no
ac_cv_func_realloc_0_nonnull=yes
ac_cv_func_select=yes
ac_cv_func_sqrt=no
ac_cv_func_strchr=yes
ac_cv_func_strstr=yes
ac_cv_func_strtod=yes
ac_cv_func_strtol=yes
ac_cv_header_dlfcn_h=yes
ac_cv_header_inttypes_h=yes
ac_cv_header_limits_h=yes
ac_cv_header_memory_h=yes
ac_cv_header_stdbool_h=yes
ac_cv_header_stdc=yes
ac_cv_header_stddef_h=yes
ac_cv_header_stdint_h=yes
ac_cv_header_stdlib_h=yes
ac_cv_header_string_h=yes
ac_cv_header_strings_h=yes
ac_cv_header_sys_stat_h=yes
ac_cv_header_sys_types_h=yes
ac_cv_header_sys_types_h_makedev=yes
ac_cv_header_unistd_h=yes
ac_cv_host=x86_64-unknown-linux-gnu
ac_cv_lib_error_at_line=yes
ac_cv_lib_z_gzopen=yes
ac_cv_objext=o
ac_cv_path_EGREP='/bin/grep -E'
ac_cv_path_FGREP='/bin/grep -F'
ac_cv_path_GREP=/bin/grep
ac_cv_path_SED=/bin/sed
ac_cv_path_install='/usr/bin/install -c'
ac_cv_path_mkdir=/bin/mkdir
ac_cv_prog_AWK=gawk
ac_cv_prog_CAT_CHECK=yes
ac_cv_prog_CPP='gcc -E'
ac_cv_prog_CUT_CHECK=yes
ac_cv_prog_CXXCPP='g++ -E'
ac_cv_prog_DIRNAME_CHECK=yes
ac_cv_prog_GNUPLOT_CHECK=yes
ac_cv_prog_GREP_CHECK=yes
ac_cv_prog_GROFF_CHECK=yes
ac_cv_prog_GS_CHECK=yes
ac_cv_prog_HEAD_CHECK=yes
ac_cv_prog_MAKE_CHECK=yes
ac_cv_prog_MKDIR_CHECK=yes
ac_cv_prog_MV_CHECK=yes
ac_cv_prog_PERL_CHECK=yes
ac_cv_prog_PFBTOPS_CHECK=yes
ac_cv_prog_RM_CHECK=yes
ac_cv_prog_RSCRIPT_CHECK=yes
ac_cv_prog_R_CHECK=yes
ac_cv_prog_SORT_CHECK=yes
ac_cv_prog_ZCAT_CHECK=yes
ac_cv_prog_ac_ct_AR=ar
ac_cv_prog_ac_ct_CC=gcc
ac_cv_prog_ac_ct_CXX=g++
ac_cv_prog_ac_ct_MANIFEST_TOOL=mt
ac_cv_prog_ac_ct_OBJDUMP=objdump
ac_cv_prog_ac_ct_RANLIB=ranlib
ac_cv_prog_ac_ct_STRIP=strip
ac_cv_prog_cc_c89=
ac_cv_prog_cc_g=yes
ac_cv_prog_cxx_g=yes
ac_cv_prog_make_make_set=yes
ac_cv_type__Bool=yes
ac_cv_type_ptrdiff_t=yes
ac_cv_type_size_t=yes
am_cv_CC_dependencies_compiler_type=gcc3
am_cv_CXX_dependencies_compiler_type=gcc3
lt_cv_ar_at_file=@
lt_cv_archive_cmds_need_lc=no
lt_cv_deplibs_check_method=pass_all
lt_cv_file_magic_cmd='$MAGIC_CMD'
lt_cv_file_magic_test_file=
lt_cv_ld_reload_flag=-r
lt_cv_nm_interface='BSD nm'
lt_cv_objdir=.libs
lt_cv_path_LD=/usr/bin/ld
lt_cv_path_LDCXX='/usr/bin/ld -m elf_x86_64'
lt_cv_path_NM='/usr/bin/nm -B'
lt_cv_path_mainfest_tool=no
lt_cv_prog_compiler_c_o=yes
lt_cv_prog_compiler_c_o_CXX=yes
lt_cv_prog_compiler_pic='-fPIC -DPIC'
lt_cv_prog_compiler_pic_CXX='-fPIC -DPIC'
lt_cv_prog_compiler_pic_works=yes
lt_cv_prog_compiler_pic_works_CXX=yes
lt_cv_prog_compiler_rtti_exceptions=no
lt_cv_prog_compiler_static_works=yes
lt_cv_prog_compiler_static_works_CXX=yes
lt_cv_prog_gnu_ld=yes
lt_cv_prog_gnu_ldcxx=yes
lt_cv_sharedlib_from_linklib_cmd='printf %s\n'
lt_cv_shlibpath_overrides_runpath=no
lt_cv_sys_global_symbol_pipe='sed -n -e '\''s/^.*[	 ]\([ABCDGIRSTW][ABCDGIRSTW]*\)[	 ][	 ]*\([_A-Za-z][_A-Za-z0-9]*\)$/\1 \2 \2/p'\'' | sed '\''/ __gnu_lto/d'\'''
lt_cv_sys_global_symbol_to_c_name_address='sed -n -e '\''s/^: \([^ ]*\)[ ]*$/  {\"\1\", (void *) 0},/p'\'' -e '\''s/^[ABCDGIRSTW]* \([^ ]*\) \([^ ]*\)$/  {"\2", (void *) \&\2},/p'\'''
lt_cv_sys_global_symbol_to_c_name_address_lib_prefix='sed -n -e '\''s/^: \([^ ]*\)[ ]*$/  {\"\1\", (void *) 0},/p'\'' -e '\''s/^[ABCDGIRSTW]* \([^ ]*\) \(lib[^ ]*\)$/  {"\2", (void *) \&\2},/p'\'' -e '\''s/^[ABCDGIRSTW]* \([^ ]*\) \([^ ]*\)$/  {"lib\2", (void *) \&\2},/p'\'''
lt_cv_sys_global_symbol_to_cdecl='sed -n -e '\''s/^T .* \(.*\)$/extern int \1();/p'\'' -e '\''s/^[ABCDGIRSTW]* .* \(.*\)$/extern char \1;/p'\'''
lt_cv_sys_max_cmd_len=3458764513820540925
lt_cv_to_host_file_cmd=func_convert_file_noop
lt_cv_to_tool_file_cmd=func_convert_file_noop

## ----------------- ##
## Output variables. ##
## ----------------- ##

ACLOCAL='${SHELL} /home/hmkang/code/working/EPACTS/missing --run aclocal-1.11'
AMDEPBACKSLASH='\'
AMDEP_FALSE='#'
AMDEP_TRUE=''
AMTAR='$${TAR-tar}'
AR='ar'
AUTOCONF='${SHELL} /home/hmkang/code/working/EPACTS/missing --run autoconf'
AUTOHEADER='${SHELL} /home/hmkang/code/working/EPACTS/missing --run autoheader'
AUTOMAKE='${SHELL} /home/hmkang/code/working/EPACTS/missing --run automake-1.11'
AWK='gawk'
CAT_CHECK='yes'
CC='gcc'
CCDEPMODE='depmode=gcc3'
CFLAGS='-g -O2'
CPP='gcc -E'
CPPFLAGS=''
CUT_CHECK='yes'
CXX='g++'
CXXCPP='g++ -E'
CXXDEPMODE='depmode=gcc3'
CXXFLAGS='-g -O2'
CYGPATH_W='echo'
DEFS='-DHAVE_CONFIG_H'
DEPDIR='.deps'
DIRNAME_CHECK='yes'
DLLTOOL='false'
DSYMUTIL=''
DUMPBIN=''
ECHO_C=''
ECHO_N='-n'
ECHO_T=''
EGREP='/bin/grep -E'
EXEEXT=''
FGREP='/bin/grep -F'
GNUPLOT_CHECK='yes'
GREP='/bin/grep'
GREP_CHECK='yes'
GROFF_CHECK='yes'
GS_CHECK='yes'
HEAD_CHECK='yes'
INSTALL_DATA='${INSTALL} -m 644'
INSTALL_PROGRAM='${INSTALL}'
INSTALL_SCRIPT='${INSTALL}'
INSTALL_STRIP_PROGRAM='$(install_sh) -c -s'
LD='/usr/bin/ld -m elf_x86_64'
LDFLAGS=''
LIBOBJS=''
LIBS='-lz '
LIBTOOL='$(SHELL) $(top_builddir)/libtool'
LIPO=''
LN_S='ln -s'
LTLIBOBJS=''
MAKEINFO='${SHELL} /home/hmkang/code/working/EPACTS/missing --run makeinfo'
MAKE_CHECK='yes'
MANIFEST_TOOL=':'
MKDIR_CHECK='yes'
MKDIR_P='/bin/mkdir -p'
MV_CHECK='yes'
NM='/usr/bin/nm -B'
NMEDIT=''
OBJDUMP='objdump'
OBJEXT='o'
OTOOL64=''
OTOOL=''
PACKAGE='EPACTS'
PACKAGE_BUGREPORT='hmkang@umich.edu'
PACKAGE_NAME='EPACTS'
PACKAGE_STRING='EPACTS 3.3.0'
PACKAGE_TARNAME='epacts'
PACKAGE_URL=''
PACKAGE_VERSION='3.3.0'
PATH_SEPARATOR=':'
PERL_CHECK='yes'
PFBTOPS_CHECK='yes'
POW_LIB=''
RANLIB='ranlib'
RM_CHECK='yes'
RSCRIPT_CHECK='yes'
R_CHECK='yes'
SED='/bin/sed'
SET_MAKE=''
SHELL='/bin/sh'
SORT_CHECK='yes'
STRIP='strip'
VERSION='3.3.0'
ZCAT_CHECK='yes'
ac_ct_AR='ar'
ac_ct_CC='gcc'
ac_ct_CXX='g++'
ac_ct_DUMPBIN=''
am__EXEEXT_FALSE=''
am__EXEEXT_TRUE='#'
am__fastdepCC_FALSE='#'
am__fastdepCC_TRUE=''
am__fastdepCXX_FALSE='#'
am__fastdepCXX_TRUE=''
am__include='include'
am__isrc=''
am__leading_dot='.'
am__nodep='_no'
am__quote=''
am__tar='$${TAR-tar} chof - "$$tardir"'
am__untar='$${TAR-tar} xf -'
bindir='${exec_prefix}/bin'
build='x86_64-unknown-linux-gnu'
build_alias=''
build_cpu='x86_64'
build_os='linux-gnu'
build_vendor='unknown'
datadir='${datarootdir}'
datarootdir='${prefix}/share'
docdir='${datarootdir}/doc/${PACKAGE_TARNAME}'
dvidir='${docdir}'
exec_prefix='${prefix}'
host='x86_64-unknown-linux-gnu'
host_alias=''
host_cpu='x86_64'
host_os='linux-gnu'
host_vendor='unknown'
htmldir='${docdir}'
includedir='${prefix}/include'
infodir='${datarootdir}/info'
install_sh='${SHELL} /home/hmkang/code/working/EPACTS/install-sh'
libdir='${exec_prefix}/lib'
libexecdir='${exec_prefix}/libexec'
localedir='${datarootdir}/locale'
localstatedir='${prefix}/var'
mandir='${datarootdir}/man'
mkdir_p='/bin/mkdir -p'
oldincludedir='/usr/include'
pdfdir='${docdir}'
prefix='/net/fantasia/home/hmkang/tools/epacts.test'
program_transform_name='s,x,x,'
psdir='${docdir}'
sbindir='${exec_prefix}/sbin'
sharedstatedir='${prefix}/com'
sysconfdir='${prefix}/etc'
target_alias=''

## ----------- ##
## confdefs.h. ##
## ----------- ##

/* confdefs.h */
#define PACKAGE_NAME "EPACTS"
#define PACKAGE_TARNAME "epacts"
#define PACKAGE_VERSION "3.3.0"
#define PACKAGE_STRING "EPACTS 3.3.0"
#define PACKAGE_BUGREPORT "hmkang@umich.edu"
#define PACKAGE_URL ""
#define PACKAGE "EPACTS"
#define VERSION "3.3.0"
#define STDC_HEADERS 1
#define HAVE_SYS_TYPES_H 1
#define HAVE_SYS_STAT_H 1
#define HAVE_STDLIB_H 1
#define HAVE_STRING_H 1
#define HAVE_MEMORY_H 1
#define HAVE_STRINGS_H 1
#define HAVE_INTTYPES_H 1
#define HAVE_STDINT_H 1
#define HAVE_UNISTD_H 1
#define HAVE_DLFCN_H 1
#define LT_OBJDIR ".libs/"
#define HAVE_LIMITS_H 1
#define HAVE_STDDEF_H 1
#define HAVE_STDINT_H 1
#define HAVE_STDLIB_H 1
#define HAVE_STRING_H 1
#define HAVE_UNISTD_H 1
#define HAVE__BOOL 1
#define HAVE_STDBOOL_H 1
#define restrict __restrict
#define HAVE_PTRDIFF_T 1
#define HAVE_STDLIB_H 1
#define HAVE_MALLOC 1
#define HAVE_STDLIB_H 1
#define HAVE_REALLOC 1
#define HAVE_GETHOSTNAME 1
#define HAVE_MEMSET 1
#define HAVE_SELECT 1
#define HAVE_STRCHR 1
#define HAVE_STRSTR 1
#define HAVE_STRTOL 1
#define HAVE_LIBZ 1

configure: exit 0

## ---------------------- ##
## Running config.status. ##
## ---------------------- ##

This file was extended by EPACTS config.status 3.3.0, which was
generated by GNU Autoconf 2.69.  Invocation command line was

  CONFIG_FILES    = 
  CONFIG_HEADERS  = 
  CONFIG_LINKS    = 
  CONFIG_COMMANDS = 
  $ ./config.status 

on fantasia

config.status:1182: creating Makefile
config.status:1182: creating src/Makefile
config.status:1182: creating scripts/Makefile
config.status:1182: creating data/Makefile
config.status:1182: creating config.h
config.status:1411: executing depfiles commands
config.status:1411: executing libtool commands

## ---------------------- ##
## Running config.status. ##
## ---------------------- ##

This file was extended by EPACTS config.status 3.3.0, which was
generated by GNU Autoconf 2.69.  Invocation command line was

  CONFIG_FILES    = 
  CONFIG_HEADERS  = 
  CONFIG_LINKS    = 
  CONFIG_COMMANDS = 
  $ ./config.status config.h

on fantasia

config.status:1182: creating config.h
config.status:1363: config.h is unchanged
